Wed, 12 Apr 2023 21:25:59 GMT: successfully added agent id 0x112eaa6e9d705efb187be0073596e1d149a887a88660bd5491eece44742e738e with manifest QmTv1tXNoNzZV2m2EbfV5FvxiRoDTQqsRtw6Yu77X8n971
Wed, 12 Apr 2023 22:01:50 GMT: successfully updated agent id 0x112eaa6e9d705efb187be0073596e1d149a887a88660bd5491eece44742e738e with manifest QmcsBGB1QUKsPUviagZzBE9YoR6YH7xBtDDdSbhpjk7Bya
Wed, 12 Apr 2023 22:13:46 GMT: successfully disabled agent id 0x112eaa6e9d705efb187be0073596e1d149a887a88660bd5491eece44742e738e
Wed, 12 Apr 2023 23:41:11 GMT: successfully updated agent id 0x112eaa6e9d705efb187be0073596e1d149a887a88660bd5491eece44742e738e with manifest QmQvYnadwj6V8snbaFgiSRgAonYrHJLo4yEqJ3Tw5odVU4
Wed, 12 Apr 2023 23:41:40 GMT: successfully enabled agent id 0x112eaa6e9d705efb187be0073596e1d149a887a88660bd5491eece44742e738e
Wed, 12 Apr 2023 23:45:23 GMT: successfully updated agent id 0x112eaa6e9d705efb187be0073596e1d149a887a88660bd5491eece44742e738e with manifest QmeaUv3BNdfMASurUNQYEUYJnHw1RYrt56HS4Amq5DF6J9
Wed, 12 Apr 2023 23:58:39 GMT: successfully updated agent id 0x112eaa6e9d705efb187be0073596e1d149a887a88660bd5491eece44742e738e with manifest QmTqLdPA6hWQJUwWyLooyuxWkZ5n6NpXxD9jPb1UpyiAne
Thu, 13 Apr 2023 00:00:26 GMT: successfully disabled agent id 0x112eaa6e9d705efb187be0073596e1d149a887a88660bd5491eece44742e738e
Thu, 13 Apr 2023 00:01:49 GMT: successfully enabled agent id 0x112eaa6e9d705efb187be0073596e1d149a887a88660bd5491eece44742e738e
Thu, 13 Apr 2023 00:09:47 GMT: successfully updated agent id 0x112eaa6e9d705efb187be0073596e1d149a887a88660bd5491eece44742e738e with manifest QmbwshjXPS9423pi9h5daXZmgenCnKa3sfTXCsq4QDmH9g
Thu, 13 Apr 2023 00:53:49 GMT: successfully updated agent id 0x112eaa6e9d705efb187be0073596e1d149a887a88660bd5491eece44742e738e with manifest QmUbJZe3vTVhYtN3xXRUaixwSkt5pb52cJTQxqZ5dTBzfm
Thu, 13 Apr 2023 00:58:11 GMT: successfully updated agent id 0x112eaa6e9d705efb187be0073596e1d149a887a88660bd5491eece44742e738e with manifest QmWqZCzEwMCoRq4ropaKD7GJCaeLH75LGmD3yCipW3YhwW
Thu, 13 Apr 2023 20:44:24 GMT: successfully updated agent id 0x112eaa6e9d705efb187be0073596e1d149a887a88660bd5491eece44742e738e with manifest QmbbPNRVE8yySAdsenZJ6LcfAdShwWLFNp2h6znoUirqeq
Thu, 13 Apr 2023 20:56:21 GMT: successfully updated agent id 0x112eaa6e9d705efb187be0073596e1d149a887a88660bd5491eece44742e738e with manifest QmXvW1RLsAoQ8XQTamNo2G7U69v7TM6WZoKX7H1hrtrgJz
Thu, 13 Apr 2023 21:07:52 GMT: successfully updated agent id 0x112eaa6e9d705efb187be0073596e1d149a887a88660bd5491eece44742e738e with manifest QmZEVwiqiYk2XEn3m8bWhqBXRQFMS8etRuXrgrteCRaRA3
Mon, 17 Apr 2023 20:28:32 GMT: successfully updated agent id 0x112eaa6e9d705efb187be0073596e1d149a887a88660bd5491eece44742e738e with manifest QmXfUWcAj7x1THWryugni7ozwiZmfm5zQ1KXV22WTDv6Zy
Wed, 19 Apr 2023 16:09:39 GMT: successfully updated agent id 0x112eaa6e9d705efb187be0073596e1d149a887a88660bd5491eece44742e738e with manifest QmehXVYSZGPuRzLJapZyB5WXrFHqouLsK7MjgYYZWPeUnK
Wed, 19 Apr 2023 17:51:00 GMT: successfully updated agent id 0x112eaa6e9d705efb187be0073596e1d149a887a88660bd5491eece44742e738e with manifest QmdpCaXXr9SRk6q64mT3WAtCZ39cJvdjgKYUTfKFxEyH9H
Mon, 24 Apr 2023 00:42:55 GMT: successfully disabled agent id 0x112eaa6e9d705efb187be0073596e1d149a887a88660bd5491eece44742e738e
Mon, 24 Apr 2023 04:54:20 GMT: successfully updated agent id 0x112eaa6e9d705efb187be0073596e1d149a887a88660bd5491eece44742e738e with manifest QmTSP295Haotz3SyuMp5zu8u2xtEFYBo24MsQJ6Qg6sCt2
Mon, 24 Apr 2023 04:54:59 GMT: successfully enabled agent id 0x112eaa6e9d705efb187be0073596e1d149a887a88660bd5491eece44742e738e
Thu, 27 Apr 2023 00:52:08 GMT: successfully updated agent id 0x112eaa6e9d705efb187be0073596e1d149a887a88660bd5491eece44742e738e with manifest QmdGKzSscDr25fzSZHNqTKwphhP8epA18jTLMSkec6g5CX
Fri, 16 Jun 2023 04:01:10 GMT: successfully updated agent id 0x112eaa6e9d705efb187be0073596e1d149a887a88660bd5491eece44742e738e with manifest QmZvUK7VC8gcEyNjCQjyy21PeEMxGVjLBvHTypnQjLBy31
